<?xml version="1.0" encoding="utf-8"?><testsuites name="pytest tests"><testsuite name="pytest" errors="0" failures="0" skipped="0" tests="34" time="7.606" timestamp="2026-06-12T18:21:32.150357+00:00" hostname="agent-env-cb95a4de-b80b-4941-a789-36b1a770398f"><testcase classname="backend.tests.backend_test" name="test_root" time="0.402" /><testcase classname="backend.tests.backend_test" name="test_login_success" time="0.368" /><testcase classname="backend.tests.backend_test" name="test_login_wrong_password" time="0.368" /><testcase classname="backend.tests.backend_test" name="test_login_unknown_email" time="0.059" /><testcase classname="backend.tests.backend_test" name="test_auth_me_with_token" time="0.562" /><testcase classname="backend.tests.backend_test" name="test_auth_me_without_token" time="0.049" /><testcase classname="backend.tests.backend_test" name="test_profil_no_sejarah_has_whatsapp" time="0.057" /><testcase classname="backend.tests.backend_test" name="test_profil_update_requires_auth" time="0.069" /><testcase classname="backend.tests.backend_test" name="test_profil_update_whatsapp_persists" time="0.215" /><testcase classname="backend.tests.backend_test" name="test_pengurus_list" time="0.056" /><testcase classname="backend.tests.backend_test" name="test_pengurus_admin_requires_auth" time="0.050" /><testcase classname="backend.tests.backend_test" name="test_pengurus_crud_lifecycle" time="0.337" /><testcase classname="backend.tests.backend_test" name="test_statistik_get" time="0.069" /><testcase classname="backend.tests.backend_test" name="test_statistik_update_requires_auth" time="0.046" /><testcase classname="backend.tests.backend_test" name="test_statistik_update" time="0.178" /><testcase classname="backend.tests.backend_test" name="test_berita_list" time="0.060" /><testcase classname="backend.tests.backend_test" name="test_berita_crud_lifecycle" time="0.372" /><testcase classname="backend.tests.backend_test" name="test_galeri_list" time="0.052" /><testcase classname="backend.tests.backend_test" name="test_galeri_crud_lifecycle" time="0.287" /><testcase classname="backend.tests.backend_test" name="test_pengaduan_public_create" time="0.052" /><testcase classname="backend.tests.backend_test" name="test_pengaduan_list_requires_auth" time="0.048" /><testcase classname="backend.tests.backend_test" name="test_pengaduan_full_lifecycle" time="0.461" /><testcase classname="backend.tests.backend_test" name="test_pengaduan_validation" time="0.047" /><testcase classname="backend.tests.backend_test" name="test_warga_list_public" time="0.047" /><testcase classname="backend.tests.backend_test" name="test_warga_get_by_id" time="0.113" /><testcase classname="backend.tests.backend_test" name="test_warga_get_invalid_id" time="0.053" /><testcase classname="backend.tests.backend_test" name="test_warga_create_requires_auth" time="0.049" /><testcase classname="backend.tests.backend_test" name="test_warga_create_invalid_status" time="0.053" /><testcase classname="backend.tests.backend_test" name="test_warga_crud_lifecycle" time="0.476" /><testcase classname="backend.tests.backend_test" name="test_upload_requires_auth" time="0.245" /><testcase classname="backend.tests.backend_test" name="test_upload_invalid_mime" time="0.186" /><testcase classname="backend.tests.backend_test" name="test_upload_valid_png_accessible" time="0.358" /><testcase classname="backend.tests.backend_test" name="test_upload_too_large" time="0.419" /><testcase classname="backend.tests.backend_test" name="test_pengurus_with_foto_crud" time="0.232" /></testsuite></testsuites>